# JRE version: OpenJDK Runtime Environment Microsoft-12574466 (21.0.9+10) (build 21.0.9+10-LTS)
# Java VM: OpenJDK 64-Bit Server VM Microsoft-12574466 (21.0.9+10-LTS, mixed mode, sharing, tiered, compressed oops, compressed class ptrs, g1 gc, bsd-amd64)
Heap:
 garbage-first heap   total 172032K, used 79032K [0x0000000500000000, 0x0000000800000000)
  region size 8192K, 1 young (8192K), 0 survivors (0K)
 Metaspace       used 85625K, committed 86656K, reserved 1179648K
  class space    used 8706K, committed 9152K, reserved 1048576K
GC Heap History (20 events):
Event: 799.401 GC heap before
{Heap before GC invocations=173 (full 5):
 garbage-first heap   total 163840K, used 122466K [0x0000000500000000, 0x0000000800000000)
  region size 8192K, 11 young (90112K), 1 survivors (8192K)
 Metaspace       used 85503K, committed 86592K, reserved 1179648K
  class space    used 8703K, committed 9152K, reserved 1048576K
}
Event: 799.407 GC heap after
{Heap after GC invocations=174 (full 5):
 garbage-first heap   total 163840K, used 64133K [0x0000000500000000, 0x0000000800000000)
  region size 8192K, 2 young (16384K), 2 survivors (16384K)
 Metaspace       used 85503K, committed 86592K, reserved 1179648K
  class space    used 8703K, committed 9152K, reserved 1048576K
}
Event: 808.183 GC heap before
{Heap before GC invocations=175 (full 5):
 garbage-first heap   total 163840K, used 146053K [0x0000000500000000, 0x0000000800000000)
  region size 8192K, 10 young (81920K), 2 survivors (16384K)
 Metaspace       used 85534K, committed 86592K, reserved 1179648K
  class space    used 8704K, committed 9152K, reserved 1048576K
}
Event: 808.187 GC heap after
{Heap after GC invocations=176 (full 5):
 garbage-first heap   total 172032K, used 60388K [0x0000000500000000, 0x0000000800000000)
  region size 8192K, 1 young (8192K), 1 survivors (8192K)
 Metaspace       used 85534K, committed 86592K, reserved 1179648K
  class space    used 8704K, committed 9152K, reserved 1048576K
}
Event: 832.452 GC heap before
{Heap before GC invocations=176 (full 5):
 garbage-first heap   total 172032K, used 125924K [0x0000000500000000, 0x0000000800000000)
  region size 8192K, 10 young (81920K), 1 survivors (8192K)
 Metaspace       used 85603K, committed 86656K, reserved 1179648K
  class space    used 8705K, committed 9152K, reserved 1048576K
}
Event: 832.459 GC heap after
{Heap after GC invocations=177 (full 5):
 garbage-first heap   total 172032K, used 65849K [0x0000000500000000, 0x0000000800000000)
  region size 8192K, 2 young (16384K), 2 survivors (16384K)
 Metaspace       used 85603K, committed 86656K, reserved 1179648K
  class space    used 8705K, committed 9152K, reserved 1048576K
}
Event: 849.074 GC heap before
{Heap before GC invocations=177 (full 5):
 garbage-first heap   total 172032K, used 131385K [0x0000000500000000, 0x0000000800000000)
  region size 8192K, 10 young (81920K), 2 survivors (16384K)
 Metaspace       used 85606K, committed 86656K, reserved 1179648K
  class space    used 8705K, committed 9152K, reserved 1048576K
}
Event: 849.078 GC heap after
{Heap after GC invocations=178 (full 5):
 garbage-first heap   total 172032K, used 65897K [0x0000000500000000, 0x0000000800000000)
  region size 8192K, 2 young (16384K), 2 survivors (16384K)
 Metaspace       used 85606K, committed 86656K, reserved 1179648K
  class space    used 8705K, committed 9152K, reserved 1048576K
}
Event: 851.289 GC heap before
{Heap before GC invocations=179 (full 5):
 garbage-first heap   total 172032K, used 123241K [0x0000000500000000, 0x0000000800000000)
  region size 8192K, 9 young (73728K), 2 survivors (16384K)
 Metaspace       used 85610K, committed 86656K, reserved 1179648K
  class space    used 8705K, committed 9152K, reserved 1048576K
}
Event: 851.293 GC heap after
{Heap after GC invocations=180 (full 5):
 garbage-first heap   total 172032K, used 72640K [0x0000000500000000, 0x0000000800000000)
  region size 8192K, 2 young (16384K), 2 survivors (16384K)
 Metaspace       used 85610K, committed 86656K, reserved 1179648K
  class space    used 8705K, committed 9152K, reserved 1048576K
}
Event: 853.777 GC heap before
{Heap before GC invocations=180 (full 5):
 garbage-first heap   total 172032K, used 129984K [0x0000000500000000, 0x0000000800000000)
  region size 8192K, 9 young (73728K), 2 survivors (16384K)
 Metaspace       used 85611K, committed 86656K, reserved 1179648K
  class space    used 8705K, committed 9152K, reserved 1048576K
}
Event: 853.781 GC heap after
{Heap after GC invocations=181 (full 5):
 garbage-first heap   total 172032K, used 67861K [0x0000000500000000, 0x0000000800000000)
  region size 8192K, 2 young (16384K), 2 survivors (16384K)
 Metaspace       used 85611K, committed 86656K, reserved 1179648K
  class space    used 8705K, committed 9152K, reserved 1048576K
}
Event: 856.390 GC heap before
{Heap before GC invocations=181 (full 5):
 garbage-first heap   total 172032K, used 125205K [0x0000000500000000, 0x0000000800000000)
  region size 8192K, 9 young (73728K), 2 survivors (16384K)
 Metaspace       used 85613K, committed 86656K, reserved 1179648K
  class space    used 8705K, committed 9152K, reserved 1048576K
}
Event: 856.394 GC heap after
{Heap after GC invocations=182 (full 5):
 garbage-first heap   total 172032K, used 78242K [0x0000000500000000, 0x0000000800000000)
  region size 8192K, 2 young (16384K), 2 survivors (16384K)
 Metaspace       used 85613K, committed 86656K, reserved 1179648K
  class space    used 8705K, committed 9152K, reserved 1048576K
}
Event: 858.132 GC heap before
{Heap before GC invocations=183 (full 5):
 garbage-first heap   total 172032K, used 119202K [0x0000000500000000, 0x0000000800000000)
  region size 8192K, 7 young (57344K), 2 survivors (16384K)
 Metaspace       used 85620K, committed 86656K, reserved 1179648K
  class space    used 8706K, committed 9152K, reserved 1048576K
}
Event: 858.136 GC heap after
{Heap after GC invocations=184 (full 5):
 garbage-first heap   total 172032K, used 88677K [0x0000000500000000, 0x0000000800000000)
  region size 8192K, 1 young (8192K), 1 survivors (8192K)
 Metaspace       used 85620K, committed 86656K, reserved 1179648K
  class space    used 8706K, committed 9152K, reserved 1048576K
}
Event: 858.841 GC heap before
{Heap before GC invocations=184 (full 5):
 garbage-first heap   total 172032K, used 121445K [0x0000000500000000, 0x0000000800000000)
  region size 8192K, 5 young (40960K), 1 survivors (8192K)
 Metaspace       used 85620K, committed 86656K, reserved 1179648K
  class space    used 8706K, committed 9152K, reserved 1048576K
}
Event: 858.846 GC heap after
{Heap after GC invocations=185 (full 5):
 garbage-first heap   total 172032K, used 94485K [0x0000000500000000, 0x0000000800000000)
  region size 8192K, 1 young (8192K), 1 survivors (8192K)
 Metaspace       used 85620K, committed 86656K, reserved 1179648K
  class space    used 8706K, committed 9152K, reserved 1048576K
}
Event: 860.368 GC heap before
{Heap before GC invocations=185 (full 5):
 garbage-first heap   total 172032K, used 110869K [0x0000000500000000, 0x0000000800000000)
  region size 8192K, 4 young (32768K), 1 survivors (8192K)
 Metaspace       used 85621K, committed 86656K, reserved 1179648K
  class space    used 8706K, committed 9152K, reserved 1048576K
}
Event: 860.460 GC heap after
{Heap after GC invocations=186 (full 6):
 garbage-first heap   total 172032K, used 72463K [0x0000000500000000, 0x0000000800000000)
  region size 8192K, 0 young (0K), 0 survivors (0K)
 Metaspace       used 85621K, committed 86656K, reserved 1179648K
  class space    used 8706K, committed 9152K, reserved 1048576K
}

